2015-06-15 22:10:40 [192.168.1.110][-][-][warning][yii\debug\Module::checkAccess] Access to debugger is denied due to IP address restriction. The requesting IP address is 192.168.1.110
    in /opt/www/yii2/yii2-app-advanced/backend/views/layouts/main.php:68
    in /opt/www/yii2/yii2-app-advanced/backend/controllers/SiteController.php:73
2015-06-15 22:10:40 [192.168.1.110][-][-][info][application] $_GET = [
    'r' => 'site/login'
]

$_COOKIE = [
    '_csrf' => '13ee383248198e8e0c76ee9bf3b7dab571dfc8ef9469051106a3055e607e061ea:2:{i:0;s:5:\"_csrf\";i:1;s:32:\"AFgEtiAdnIhOxfqQFBc8YaCQkAdxFWB0\";}'
    'PHPSESSID' => '84bfkglf5n59mp4npbqt16uc41'
]

$_SESSION = [
    '__flash' => []
    '__returnUrl' => '/'
]

$_SERVER = [
    'USER' => 'nginx'
    'HOME' => '/var/lib/nginx'
    'FCGI_ROLE' => 'RESPONDER'
    'SCRIPT_FILENAME' => '/opt/www/yii2/yii2-app-advanced/backend/web/index.php'
    'QUERY_STRING' => 'r=site%2Flogin'
    'REQUEST_METHOD' => 'GET'
    'CONTENT_TYPE' => ''
    'CONTENT_LENGTH' => ''
    'SCRIPT_NAME' => '/index.php'
    'REQUEST_URI' => '/index.php?r=site%2Flogin'
    'DOCUMENT_URI' => '/index.php'
    'DOCUMENT_ROOT' => '/opt/www/yii2/yii2-app-advanced/backend/web'
    'SERVER_PROTOCOL' => 'HTTP/1.1'
    'GATEWAY_INTERFACE' => 'CGI/1.1'
    'SERVER_SOFTWARE' => 'nginx/1.0.15'
    'REMOTE_ADDR' => '192.168.1.110'
    'REMOTE_PORT' => '4110'
    'SERVER_ADDR' => '192.168.1.127'
    'SERVER_PORT' => '80'
    'SERVER_NAME' => 'backend.yii.com'
    'REDIRECT_STATUS' => '200'
    'HTTP_HOST' => 'backend.yii.com'
    'HTTP_CONNECTION' => 'keep-alive'
    'HTTP_ACCEPT' => 'text/html,application/xhtml+xml,application/xml;q=0.9,image/webp,*/*;q=0.8'
    'HTTP_USER_AGENT' => 'Mozilla/5.0 (Windows NT 5.1) AppleWebKit/537.36 (KHTML, like Gecko) Chrome/43.0.2357.124 Safari/537.36'
    'HTTP_ACCEPT_ENCODING' => 'gzip, deflate, sdch'
    'HTTP_ACCEPT_LANGUAGE' => 'en-US,en;q=0.8'
    'HTTP_COOKIE' => '_csrf=13ee383248198e8e0c76ee9bf3b7dab571dfc8ef9469051106a3055e607e061ea%3A2%3A%7Bi%3A0%3Bs%3A5%3A%22_csrf%22%3Bi%3A1%3Bs%3A32%3A%22AFgEtiAdnIhOxfqQFBc8YaCQkAdxFWB0%22%3B%7D; PHPSESSID=84bfkglf5n59mp4npbqt16uc41'
    'PHP_SELF' => '/index.php'
    'REQUEST_TIME_FLOAT' => 1434406240.1922
    'REQUEST_TIME' => 1434406240
]
2015-06-15 22:13:06 [192.168.1.110][-][-][warning][yii\debug\Module::checkAccess] Access to debugger is denied due to IP address restriction. The requesting IP address is 192.168.1.110
    in /opt/www/yii2/yii2-app-advanced/backend/views/layouts/main.php:68
    in /opt/www/yii2/yii2-app-advanced/backend/controllers/SiteController.php:73
2015-06-15 22:13:06 [192.168.1.110][-][-][info][application] $_GET = [
    'r' => 'site/login'
]

$_COOKIE = [
    '_csrf' => '99d30843a8f1a0281faeb4f4553174480cc78e14f65298516a0662047a311ec6a:2:{i:0;s:5:\"_csrf\";i:1;s:32:\"4D0V-KPj7GW0Zp9aNF2kyUJxvv8ojiwU\";}'
    'PHPSESSID' => '84bfkglf5n59mp4npbqt16uc41'
]

$_SESSION = [
    '__flash' => []
    '__returnUrl' => '/index.php'
]

$_SERVER = [
    'USER' => 'nginx'
    'HOME' => '/var/lib/nginx'
    'FCGI_ROLE' => 'RESPONDER'
    'SCRIPT_FILENAME' => '/opt/www/yii2/yii2-app-advanced/backend/web/index.php'
    'QUERY_STRING' => 'r=site%2Flogin'
    'REQUEST_METHOD' => 'GET'
    'CONTENT_TYPE' => ''
    'CONTENT_LENGTH' => ''
    'SCRIPT_NAME' => '/index.php'
    'REQUEST_URI' => '/index.php?r=site%2Flogin'
    'DOCUMENT_URI' => '/index.php'
    'DOCUMENT_ROOT' => '/opt/www/yii2/yii2-app-advanced/backend/web'
    'SERVER_PROTOCOL' => 'HTTP/1.1'
    'GATEWAY_INTERFACE' => 'CGI/1.1'
    'SERVER_SOFTWARE' => 'nginx/1.0.15'
    'REMOTE_ADDR' => '192.168.1.110'
    'REMOTE_PORT' => '4122'
    'SERVER_ADDR' => '192.168.1.127'
    'SERVER_PORT' => '80'
    'SERVER_NAME' => 'backend.yii.com'
    'REDIRECT_STATUS' => '200'
    'HTTP_HOST' => 'backend.yii.com'
    'HTTP_CONNECTION' => 'keep-alive'
    'HTTP_ACCEPT' => 'text/html,application/xhtml+xml,application/xml;q=0.9,image/webp,*/*;q=0.8'
    'HTTP_USER_AGENT' => 'Mozilla/5.0 (Windows NT 5.1) AppleWebKit/537.36 (KHTML, like Gecko) Chrome/43.0.2357.124 Safari/537.36'
    'HTTP_REFERER' => 'http://backend.yii.com/index.php?r=site%2Flogin'
    'HTTP_ACCEPT_ENCODING' => 'gzip, deflate, sdch'
    'HTTP_ACCEPT_LANGUAGE' => 'en-US,en;q=0.8'
    'HTTP_COOKIE' => '_csrf=99d30843a8f1a0281faeb4f4553174480cc78e14f65298516a0662047a311ec6a%3A2%3A%7Bi%3A0%3Bs%3A5%3A%22_csrf%22%3Bi%3A1%3Bs%3A32%3A%224D0V-KPj7GW0Zp9aNF2kyUJxvv8ojiwU%22%3B%7D; PHPSESSID=84bfkglf5n59mp4npbqt16uc41'
    'PHP_SELF' => '/index.php'
    'REQUEST_TIME_FLOAT' => 1434406386.5611
    'REQUEST_TIME' => 1434406386
]
2015-06-15 22:13:07 [192.168.1.110][-][-][warning][yii\debug\Module::checkAccess] Access to debugger is denied due to IP address restriction. The requesting IP address is 192.168.1.110
    in /opt/www/yii2/yii2-app-advanced/backend/views/layouts/main.php:68
    in /opt/www/yii2/yii2-app-advanced/backend/controllers/SiteController.php:73
2015-06-15 22:13:07 [192.168.1.110][-][-][info][application] $_GET = [
    'r' => 'site/login'
]

$_COOKIE = [
    '_csrf' => '99d30843a8f1a0281faeb4f4553174480cc78e14f65298516a0662047a311ec6a:2:{i:0;s:5:\"_csrf\";i:1;s:32:\"4D0V-KPj7GW0Zp9aNF2kyUJxvv8ojiwU\";}'
    'PHPSESSID' => '84bfkglf5n59mp4npbqt16uc41'
]

$_SESSION = [
    '__flash' => []
    '__returnUrl' => '/index.php'
]

$_SERVER = [
    'USER' => 'nginx'
    'HOME' => '/var/lib/nginx'
    'FCGI_ROLE' => 'RESPONDER'
    'SCRIPT_FILENAME' => '/opt/www/yii2/yii2-app-advanced/backend/web/index.php'
    'QUERY_STRING' => 'r=site%2Flogin'
    'REQUEST_METHOD' => 'GET'
    'CONTENT_TYPE' => ''
    'CONTENT_LENGTH' => ''
    'SCRIPT_NAME' => '/index.php'
    'REQUEST_URI' => '/index.php?r=site%2Flogin'
    'DOCUMENT_URI' => '/index.php'
    'DOCUMENT_ROOT' => '/opt/www/yii2/yii2-app-advanced/backend/web'
    'SERVER_PROTOCOL' => 'HTTP/1.1'
    'GATEWAY_INTERFACE' => 'CGI/1.1'
    'SERVER_SOFTWARE' => 'nginx/1.0.15'
    'REMOTE_ADDR' => '192.168.1.110'
    'REMOTE_PORT' => '4130'
    'SERVER_ADDR' => '192.168.1.127'
    'SERVER_PORT' => '80'
    'SERVER_NAME' => 'backend.yii.com'
    'REDIRECT_STATUS' => '200'
    'HTTP_HOST' => 'backend.yii.com'
    'HTTP_CONNECTION' => 'keep-alive'
    'HTTP_ACCEPT' => 'text/html,application/xhtml+xml,application/xml;q=0.9,image/webp,*/*;q=0.8'
    'HTTP_USER_AGENT' => 'Mozilla/5.0 (Windows NT 5.1) AppleWebKit/537.36 (KHTML, like Gecko) Chrome/43.0.2357.124 Safari/537.36'
    'HTTP_REFERER' => 'http://backend.yii.com/index.php?r=site%2Flogin'
    'HTTP_ACCEPT_ENCODING' => 'gzip, deflate, sdch'
    'HTTP_ACCEPT_LANGUAGE' => 'en-US,en;q=0.8'
    'HTTP_COOKIE' => '_csrf=99d30843a8f1a0281faeb4f4553174480cc78e14f65298516a0662047a311ec6a%3A2%3A%7Bi%3A0%3Bs%3A5%3A%22_csrf%22%3Bi%3A1%3Bs%3A32%3A%224D0V-KPj7GW0Zp9aNF2kyUJxvv8ojiwU%22%3B%7D; PHPSESSID=84bfkglf5n59mp4npbqt16uc41'
    'PHP_SELF' => '/index.php'
    'REQUEST_TIME_FLOAT' => 1434406387.6598
    'REQUEST_TIME' => 1434406387
]
2015-06-15 22:13:08 [192.168.1.110][-][-][warning][yii\debug\Module::checkAccess] Access to debugger is denied due to IP address restriction. The requesting IP address is 192.168.1.110
    in /opt/www/yii2/yii2-app-advanced/backend/views/layouts/main.php:68
    in /opt/www/yii2/yii2-app-advanced/backend/controllers/SiteController.php:73
2015-06-15 22:13:08 [192.168.1.110][-][-][info][application] $_GET = [
    'r' => 'site/login'
]

$_COOKIE = [
    '_csrf' => '99d30843a8f1a0281faeb4f4553174480cc78e14f65298516a0662047a311ec6a:2:{i:0;s:5:\"_csrf\";i:1;s:32:\"4D0V-KPj7GW0Zp9aNF2kyUJxvv8ojiwU\";}'
    'PHPSESSID' => '84bfkglf5n59mp4npbqt16uc41'
]

$_SESSION = [
    '__flash' => []
    '__returnUrl' => '/index.php'
]

$_SERVER = [
    'USER' => 'nginx'
    'HOME' => '/var/lib/nginx'
    'FCGI_ROLE' => 'RESPONDER'
    'SCRIPT_FILENAME' => '/opt/www/yii2/yii2-app-advanced/backend/web/index.php'
    'QUERY_STRING' => 'r=site%2Flogin'
    'REQUEST_METHOD' => 'GET'
    'CONTENT_TYPE' => ''
    'CONTENT_LENGTH' => ''
    'SCRIPT_NAME' => '/index.php'
    'REQUEST_URI' => '/index.php?r=site%2Flogin'
    'DOCUMENT_URI' => '/index.php'
    'DOCUMENT_ROOT' => '/opt/www/yii2/yii2-app-advanced/backend/web'
    'SERVER_PROTOCOL' => 'HTTP/1.1'
    'GATEWAY_INTERFACE' => 'CGI/1.1'
    'SERVER_SOFTWARE' => 'nginx/1.0.15'
    'REMOTE_ADDR' => '192.168.1.110'
    'REMOTE_PORT' => '4130'
    'SERVER_ADDR' => '192.168.1.127'
    'SERVER_PORT' => '80'
    'SERVER_NAME' => 'backend.yii.com'
    'REDIRECT_STATUS' => '200'
    'HTTP_HOST' => 'backend.yii.com'
    'HTTP_CONNECTION' => 'keep-alive'
    'HTTP_ACCEPT' => 'text/html,application/xhtml+xml,application/xml;q=0.9,image/webp,*/*;q=0.8'
    'HTTP_USER_AGENT' => 'Mozilla/5.0 (Windows NT 5.1) AppleWebKit/537.36 (KHTML, like Gecko) Chrome/43.0.2357.124 Safari/537.36'
    'HTTP_REFERER' => 'http://backend.yii.com/index.php?r=site%2Flogin'
    'HTTP_ACCEPT_ENCODING' => 'gzip, deflate, sdch'
    'HTTP_ACCEPT_LANGUAGE' => 'en-US,en;q=0.8'
    'HTTP_COOKIE' => '_csrf=99d30843a8f1a0281faeb4f4553174480cc78e14f65298516a0662047a311ec6a%3A2%3A%7Bi%3A0%3Bs%3A5%3A%22_csrf%22%3Bi%3A1%3Bs%3A32%3A%224D0V-KPj7GW0Zp9aNF2kyUJxvv8ojiwU%22%3B%7D; PHPSESSID=84bfkglf5n59mp4npbqt16uc41'
    'PHP_SELF' => '/index.php'
    'REQUEST_TIME_FLOAT' => 1434406388.7382
    'REQUEST_TIME' => 1434406388
]
