2015-06-15 22:10:33 [192.168.1.110][-][-][warning][yii\debug\Module::checkAccess] Access to debugger is denied due to IP address restriction. The requesting IP address is 192.168.1.110
    in /opt/www/yii2/yii2-app-advanced/frontend/views/layouts/main.php:73
    in /opt/www/yii2/yii2-app-advanced/frontend/controllers/SiteController.php:70
2015-06-15 22:10:33 [192.168.1.110][-][-][info][application] $_SESSION = [
    '__flash' => []
]

$_SERVER = [
    'USER' => 'nginx'
    'HOME' => '/var/lib/nginx'
    'FCGI_ROLE' => 'RESPONDER'
    'SCRIPT_FILENAME' => '/opt/www/yii2/yii2-app-advanced/frontend/web/index.php'
    'QUERY_STRING' => ''
    'REQUEST_METHOD' => 'GET'
    'CONTENT_TYPE' => ''
    'CONTENT_LENGTH' => ''
    'SCRIPT_NAME' => '/index.php'
    'REQUEST_URI' => '/'
    'DOCUMENT_URI' => '/index.php'
    'DOCUMENT_ROOT' => '/opt/www/yii2/yii2-app-advanced/frontend/web'
    'SERVER_PROTOCOL' => 'HTTP/1.1'
    'GATEWAY_INTERFACE' => 'CGI/1.1'
    'SERVER_SOFTWARE' => 'nginx/1.0.15'
    'REMOTE_ADDR' => '192.168.1.110'
    'REMOTE_PORT' => '4101'
    'SERVER_ADDR' => '192.168.1.127'
    'SERVER_PORT' => '80'
    'SERVER_NAME' => 'www.yii.com'
    'REDIRECT_STATUS' => '200'
    'HTTP_HOST' => 'www.yii.com'
    'HTTP_CONNECTION' => 'keep-alive'
    'HTTP_ACCEPT' => 'text/html,application/xhtml+xml,application/xml;q=0.9,image/webp,*/*;q=0.8'
    'HTTP_USER_AGENT' => 'Mozilla/5.0 (Windows NT 5.1) AppleWebKit/537.36 (KHTML, like Gecko) Chrome/43.0.2357.124 Safari/537.36'
    'HTTP_ACCEPT_ENCODING' => 'gzip, deflate, sdch'
    'HTTP_ACCEPT_LANGUAGE' => 'en-US,en;q=0.8'
    'PHP_SELF' => '/index.php'
    'REQUEST_TIME_FLOAT' => 1434406233.0946
    'REQUEST_TIME' => 1434406233
]
